SF:lib/domain/tag_entity.dart
DA:8,2
DA:14,0
DA:19,0
DA:20,0
DA:21,0
DA:22,0
DA:26,1
DA:27,1
DA:28,2
DA:29,2
DA:32,1
DA:33,1
DA:34,1
DA:39,1
DA:40,1
DA:41,2
DA:42,2
DA:45,1
DA:46,1
DA:47,1
LF:20
LH:15
end_of_record
SF:lib/repositories/tag_repository.dart
DA:9,1
DA:11,1
DA:13,2
DA:15,1
DA:17,1
DA:18,1
DA:22,1
DA:24,2
DA:26,1
DA:28,1
DA:29,2
DA:30,2
DA:34,1
DA:35,1
DA:39,1
DA:41,2
DA:42,2
DA:44,1
DA:45,1
LF:19
LH:19
end_of_record
SF:lib/bloc/tag/tag_bloc.dart
DA:13,2
DA:15,0
DA:17,3
DA:18,2
DA:19,2
DA:20,2
DA:21,2
DA:24,0
DA:25,0
DA:27,0
DA:28,0
DA:30,0
DA:31,0
DA:34,1
DA:35,2
DA:38,3
DA:40,3
DA:41,1
DA:42,3
DA:46,1
DA:47,2
DA:50,3
DA:52,2
DA:55,0
DA:56,0
DA:58,0
DA:60,0
DA:61,0
DA:62,0
DA:63,0
DA:66,0
DA:68,0
LF:32
LH:16
end_of_record
SF:lib/bloc/tag/tag_event.dart
DA:9,1
DA:14,0
DA:19,0
DA:24,0
LF:4
LH:1
end_of_record
SF:lib/bloc/tag/tag_state.dart
DA:11,1
DA:30,1
LF:2
LH:2
end_of_record
